Application/Aqualala/app/build/intermediates/manifest_merge_blame_file/debug/manifest-merger-blame-debug-report.txt
1<?xml version="1.0" encoding="utf-8"?>
2<manifest xmlns:android="http://schemas.android.com/apk/res/android"
3    package="fr.unilim.iut.aqualala"
4    android:versionCode="1"
5    android:versionName="1.0" >
6
7    <uses-sdk
8        android:minSdkVersion="16"
8-->src\main\AndroidManifest.xml
9        android:targetSdkVersion="30" />
9-->src\main\AndroidManifest.xml
10
11    <uses-permission android:name="android.permission.INTERNET" />
<<<<<<< Updated upstream
11-->src\main\AndroidManifest.xml:20:5-66
11-->src\main\AndroidManifest.xml:20:22-64
12
13    <application
13-->src\main\AndroidManifest.xml:5:5-19:19
=======
11-->src\main\AndroidManifest.xml:22:5-66
11-->src\main\AndroidManifest.xml:22:22-64
12
13    <application
13-->src\main\AndroidManifest.xml:5:5-21:19
>>>>>>> Stashed changes
14        android:allowBackup="true"
14-->src\main\AndroidManifest.xml:6:9-35
15        android:appComponentFactory="androidx.core.app.CoreComponentFactory"
15-->[androidx.core:core:1.3.2] AndroidManifest.xml:24:18-86
16        android:debuggable="true"
<<<<<<< Updated upstream
17        android:icon="@mipmap/ic_launcher"
17-->src\main\AndroidManifest.xml:7:9-43
18        android:label="@string/app_name"
18-->src\main\AndroidManifest.xml:8:9-41
19        android:roundIcon="@mipmap/ic_launcher_round"
19-->src\main\AndroidManifest.xml:9:9-54
20        android:supportsRtl="true"
20-->src\main\AndroidManifest.xml:10:9-35
21        android:testOnly="true"
22        android:theme="@style/Theme.Aqualala" >
22-->src\main\AndroidManifest.xml:11:9-46
23        <activity android:name="fr.unilim.iut.aqualala.MainActivity" >
23-->src\main\AndroidManifest.xml:12:9-18:20
23-->src\main\AndroidManifest.xml:12:19-47
24            <intent-filter>
24-->src\main\AndroidManifest.xml:13:13-17:29
25                <action android:name="android.intent.action.MAIN" />
25-->src\main\AndroidManifest.xml:14:17-69
25-->src\main\AndroidManifest.xml:14:25-66
26
27                <category android:name="android.intent.category.LAUNCHER" />
27-->src\main\AndroidManifest.xml:16:17-77
27-->src\main\AndroidManifest.xml:16:27-74
28            </intent-filter>
29        </activity>
30    </application>
31
32</manifest>
=======
17        android:icon="@drawable/icon"
17-->src\main\AndroidManifest.xml:7:9-38
18        android:label="@string/app_name"
18-->src\main\AndroidManifest.xml:8:9-41
19        android:supportsRtl="true"
19-->src\main\AndroidManifest.xml:9:9-35
20        android:testOnly="true"
21        android:theme="@style/Theme.MyApplication" >
21-->src\main\AndroidManifest.xml:10:9-51
22        <activity android:name="fr.unilim.aqualala.ModificationEclair" />
22-->src\main\AndroidManifest.xml:11:9-83
22-->src\main\AndroidManifest.xml:11:19-71
23        <activity android:name="fr.unilim.aqualala.Eclairage" />
23-->src\main\AndroidManifest.xml:12:9-65
23-->src\main\AndroidManifest.xml:12:19-62
24        <activity android:name="fr.unilim.aqualala.Temperatures" />
24-->src\main\AndroidManifest.xml:13:9-68
24-->src\main\AndroidManifest.xml:13:19-65
25        <activity android:name="fr.unilim.aqualala.MainActivity2" >
25-->src\main\AndroidManifest.xml:14:9-20:20
25-->src\main\AndroidManifest.xml:14:19-66
26            <intent-filter>
26-->src\main\AndroidManifest.xml:15:13-19:29
27                <action android:name="android.intent.action.MAIN" />
27-->src\main\AndroidManifest.xml:16:17-69
27-->src\main\AndroidManifest.xml:16:25-66
28
29                <category android:name="android.intent.category.LAUNCHER" />
29-->src\main\AndroidManifest.xml:18:17-77
29-->src\main\AndroidManifest.xml:18:27-74
30            </intent-filter>
31        </activity>
32    </application>
33
34</manifest>
>>>>>>> Stashed changes